2022.06.23 10:03:04.860["Sim CB - TN"][dyn_string 1 items
     1: "void damperSimCB(anytype aUserData, dyn_dyn_anytype ddaResult) at C:\WinCC_OA_Proj\basic_web_cw25\scripts\damperSimulation.ctl:43"
]["d1"][100]
2022.06.23 10:03:04.861["Sim CB - TN"][dyn_string 1 items
     1: "void damperSimCB(anytype aUserData, dyn_dyn_anytype ddaResult) at C:\WinCC_OA_Proj\basic_web_cw25\scripts\damperSimulation.ctl:43"
]["d2"][100]
2022.06.23 10:03:04.861["Sim CB - TN"][dyn_string 1 items
     1: "void damperSimCB(anytype aUserData, dyn_dyn_anytype ddaResult) at C:\WinCC_OA_Proj\basic_web_cw25\scripts\damperSimulation.ctl:43"
]["d3"][0]
2022.06.23 10:03:04.864["Sim CB - TN"][dyn_string 1 items
     1: "void damperSimCB(anytype aUserData, dyn_dyn_anytype ddaResult) at C:\WinCC_OA_Proj\basic_web_cw25\scripts\damperSimulation.ctl:43"
]["d4"][0]
2022.06.23 10:03:04.864["Sim CB - TN"][dyn_string 1 items
     1: "void damperSimCB(anytype aUserData, dyn_dyn_anytype ddaResult) at C:\WinCC_OA_Proj\basic_web_cw25\scripts\damperSimulation.ctl:43"
]["d5"][100]
2022.06.23 10:03:04.864["Sim CB - TN"][dyn_string 1 items
     1: "void damperSimCB(anytype aUserData, dyn_dyn_anytype ddaResult) at C:\WinCC_OA_Proj\basic_web_cw25\scripts\damperSimulation.ctl:43"
]["d6"][0]
2022.06.23 10:03:04.864["Sim CB - TN"][dyn_string 1 items
     1: "void damperSimCB(anytype aUserData, dyn_dyn_anytype ddaResult) at C:\WinCC_OA_Proj\basic_web_cw25\scripts\damperSimulation.ctl:43"
]["d7"][0]
2022.06.23 10:03:04.864["Sim CB - TN"][dyn_string 1 items
     1: "void damperSimCB(anytype aUserData, dyn_dyn_anytype ddaResult) at C:\WinCC_OA_Proj\basic_web_cw25\scripts\damperSimulation.ctl:43"
]["d8"][0]
2022.06.23 10:03:04.864["Sim CB - TN"][dyn_string 1 items
     1: "void damperSimCB(anytype aUserData, dyn_dyn_anytype ddaResult) at C:\WinCC_OA_Proj\basic_web_cw25\scripts\damperSimulation.ctl:43"
]["d9"][0]
2022.06.23 10:03:04.864["Sim CB - TN"][dyn_string 1 items
     1: "void damperSimCB(anytype aUserData, dyn_dyn_anytype ddaResult) at C:\WinCC_OA_Proj\basic_web_cw25\scripts\damperSimulation.ctl:43"
]["d10"][0]
2022.06.23 10:03:04.864["Sim CB - TN"][dyn_string 1 items
     1: "void damperSimCB(anytype aUserData, dyn_dyn_anytype ddaResult) at C:\WinCC_OA_Proj\basic_web_cw25\scripts\damperSimulation.ctl:43"
]["d11"][100]
2022.06.23 10:03:04.864["Sim CB - TN"][dyn_string 1 items
     1: "void damperSimCB(anytype aUserData, dyn_dyn_anytype ddaResult) at C:\WinCC_OA_Proj\basic_web_cw25\scripts\damperSimulation.ctl:43"
]["d12"][0]
2022.06.23 10:03:04.864["Sim CB - TN"][dyn_string 1 items
     1: "void damperSimCB(anytype aUserData, dyn_dyn_anytype ddaResult) at C:\WinCC_OA_Proj\basic_web_cw25\scripts\damperSimulation.ctl:43"
]["d13"][0]
2022.06.23 10:03:04.864["Sim CB - TN"][dyn_string 1 items
     1: "void damperSimCB(anytype aUserData, dyn_dyn_anytype ddaResult) at C:\WinCC_OA_Proj\basic_web_cw25\scripts\damperSimulation.ctl:43"
]["d14"][0]
2022.06.23 10:03:04.864["Sim CB - TN"][dyn_string 1 items
     1: "void damperSimCB(anytype aUserData, dyn_dyn_anytype ddaResult) at C:\WinCC_OA_Proj\basic_web_cw25\scripts\damperSimulation.ctl:43"
]["d15"][0]
2022.06.23 10:03:44.701["Sim CB - TN"][dyn_string 1 items
     1: "void damperSimCB(anytype aUserData, dyn_dyn_anytype ddaResult) at C:\WinCC_OA_Proj\basic_web_cw25\scripts\damperSimulation.ctl:43"
]["d1"][0]
2022.06.23 10:03:49.093["Sim CB - TN"][dyn_string 1 items
     1: "void damperSimCB(anytype aUserData, dyn_dyn_anytype ddaResult) at C:\WinCC_OA_Proj\basic_web_cw25\scripts\damperSimulation.ctl:43"
]["d2"][0]
2022.06.23 10:03:51.019["Sim CB - TN"][dyn_string 1 items
     1: "void damperSimCB(anytype aUserData, dyn_dyn_anytype ddaResult) at C:\WinCC_OA_Proj\basic_web_cw25\scripts\damperSimulation.ctl:43"
]["d3"][0]
2022.06.23 10:03:51.541["Sim CB - TN"][dyn_string 1 items
     1: "void damperSimCB(anytype aUserData, dyn_dyn_anytype ddaResult) at C:\WinCC_OA_Proj\basic_web_cw25\scripts\damperSimulation.ctl:43"
]["d3"][100]
WCCOActrl    (2), 2022.06.23 10:04:19.748 (3.18   platform Windows AMD64 linked at Jun  8 2022 21:28:31 (19a388a892f)): SNDLEVEL=0, RCVLEVEL=0, DBGLEVEL=matthias(63), REPORT=NONE, LOG=(1)LOG_FILE
2022.06.23 10:04:22.485["Sim CB - TN"][dyn_string 1 items
     1: "void damperSimCB(anytype aUserData, dyn_dyn_anytype ddaResult) at C:\WinCC_OA_Proj\basic_web_cw25\scripts\damperSimulation.ctl:43"
]["d1"][100]
2022.06.23 10:04:22.485["Sim CB - FTN"]["d1"][100]
2022.06.23 10:04:35.565["Sim CB - TN"][dyn_string 1 items
     1: "void damperSimCB(anytype aUserData, dyn_dyn_anytype ddaResult) at C:\WinCC_OA_Proj\basic_web_cw25\scripts\damperSimulation.ctl:43"
]["d3"][100]
2022.06.23 10:04:35.565["Sim CB - FTN"]["d3"][100]
2022.06.23 10:04:36.031["Sim CB - TN"][dyn_string 1 items
     1: "void damperSimCB(anytype aUserData, dyn_dyn_anytype ddaResult) at C:\WinCC_OA_Proj\basic_web_cw25\scripts\damperSimulation.ctl:43"
]["d3"][0]
2022.06.23 10:04:36.031["Sim CB - FTN"]["d3"][0]
